
xv6 kernel is booting

hart 2 starting
hart 1 starting
init: starting sh
$ usertests
usertests starting
test execout: OK
test copyin: OK
test copyout: OK
test copyinstr1: OK
test copyinstr2: OK
test copyinstr3: OK
test rwsbrk: OK
test truncate1: OK
test truncate2: OK
test truncate3: OK
test reparent2: OK
test pgbug: OK
test sbrkbugs: usertrap(): unexpected scause 0x000000000000000c pid=3236
            sepc=0x0000000000005560 stval=0x0000000000005560
OK
test badarg: OK
test reparent: OK
test twochildren: OK
test forkfork: OK
test forkforkfork: OK
test argptest: OK
test createdelete: OK
test linkunlink: OK
test linktest: OK
test unlinkread: OK
test concreate: OK
test subdir: OK
test fourfiles: OK
test sharedfd: OK
test exectest: OK
test bigargtest: OK
test bigwrite: OK
test bsstest: OK
test sbrkbasic: OK
test sbrkmuch: OK
test kernmem: OK
test sbrkfail: OK
test sbrkarg: OK
test validatetest: OK
test stacktest: panic: remap
qemu-system-riscv64: terminating on signal 15 from pid 33137 (<unknown process>)
